[INFO] Scanning for projects...
[INFO] 
[INFO] --------------------< com.aprimorar:api-aprimorar >---------------------
[INFO] Building api-aprimorar 0.0.1-SNAPSHOT
[INFO]   from pom.xml
[INFO] --------------------------------[ jar ]---------------------------------
[INFO] 
[INFO] >>> spring-boot:3.5.7:run (default-cli) > test-compile @ api-aprimorar >>>
[INFO] 
[INFO] --- jacoco:0.8.12:prepare-agent (prepare-agent) @ api-aprimorar ---
[INFO] argLine set to -javaagent:/home/scarpellini/.m2/repository/org/jacoco/org.jacoco.agent/0.8.12/org.jacoco.agent-0.8.12-runtime.jar=destfile=/home/scarpellini/Documents/Projetos/aprimorar/server/api-aprimorar/target/jacoco.exec
[INFO] 
[INFO] --- resources:3.3.1:resources (default-resources) @ api-aprimorar ---
[INFO] Copying 3 resources from src/main/resources to target/classes
[INFO] Copying 5 resources from src/main/resources to target/classes
[INFO] 
[INFO] --- compiler:3.14.1:compile (default-compile) @ api-aprimorar ---
[INFO] Nothing to compile - all classes are up to date.
[INFO] 
[INFO] --- resources:3.3.1:testResources (default-testResources) @ api-aprimorar ---
[INFO] Copying 1 resource from src/test/resources to target/test-classes
[INFO] 
[INFO] --- compiler:3.14.1:testCompile (default-testCompile) @ api-aprimorar ---
[INFO] Nothing to compile - all classes are up to date.
[INFO] 
[INFO] <<< spring-boot:3.5.7:run (default-cli) < test-compile @ api-aprimorar <<<
[INFO] 
[INFO] 
[INFO] --- spring-boot:3.5.7:run (default-cli) @ api-aprimorar ---
[INFO] Attaching agents: []

  .   ____          _            __ _ _
 /\\ / ___'_ __ _ _(_)_ __  __ _ \ \ \ \
( ( )\___ | '_ | '_| | '_ \/ _` | \ \ \ \
 \\/  ___)| |_)| | | | | || (_| |  ) ) ) )
  '  |____| .__|_| |_|_| |_\__, | / / / /
 =========|_|==============|___/=/_/_/_/

[32m :: Spring Boot :: [39m              [2m (v3.5.7)[0;39m

[2m2026-04-21T18:54:58.211-03:00[0;39m [32m INFO[0;39m [35m115862[0;39m [2m--- [aprimorar-api] [  restartedMain] [0;39m[36mc.aprimorar.api.ApiAprimorarApplication [0;39m [2m:[0;39m Starting ApiAprimorarApplication using Java 21.0.10 with PID 115862 (/home/scarpellini/Documents/Projetos/aprimorar/server/api-aprimorar/target/classes started by scarpellini in /home/scarpellini/Documents/Projetos/aprimorar/server/api-aprimorar)
[2m2026-04-21T18:54:58.214-03:00[0;39m [32m INFO[0;39m [35m115862[0;39m [2m--- [aprimorar-api] [  restartedMain] [0;39m[36mc.aprimorar.api.ApiAprimorarApplication [0;39m [2m:[0;39m The following 1 profile is active: "dev"
[2m2026-04-21T18:54:58.255-03:00[0;39m [32m INFO[0;39m [35m115862[0;39m [2m--- [aprimorar-api] [  restartedMain] [0;39m[36m.e.DevToolsPropertyDefaultsPostProcessor[0;39m [2m:[0;39m Devtools property defaults active! Set 'spring.devtools.add-properties' to 'false' to disable
[2m2026-04-21T18:54:58.255-03:00[0;39m [32m INFO[0;39m [35m115862[0;39m [2m--- [aprimorar-api] [  restartedMain] [0;39m[36m.e.DevToolsPropertyDefaultsPostProcessor[0;39m [2m:[0;39m For additional web related logging consider setting the 'logging.level.web' property to 'DEBUG'
[2m2026-04-21T18:54:58.270-03:00[0;39m [32m INFO[0;39m [35m115862[0;39m [2m--- [aprimorar-api] [  restartedMain] [0;39m[36m.s.b.d.c.l.DockerComposeLifecycleManager[0;39m [2m:[0;39m Using Docker Compose file /home/scarpellini/Documents/Projetos/aprimorar/server/api-aprimorar/docker-compose.yml
[2m2026-04-21T18:54:58.725-03:00[0;39m [32m INFO[0;39m [35m115862[0;39m [2m--- [aprimorar-api] [  restartedMain] [0;39m[36m.s.b.d.c.l.DockerComposeLifecycleManager[0;39m [2m:[0;39m There are already Docker Compose services running, skipping startup
[2m2026-04-21T18:54:59.452-03:00[0;39m [32m INFO[0;39m [35m115862[0;39m [2m--- [aprimorar-api] [  restartedMain] [0;39m[36m.s.d.r.c.RepositoryConfigurationDelegate[0;39m [2m:[0;39m Bootstrapping Spring Data JPA repositories in DEFAULT mode.
[2m2026-04-21T18:54:59.520-03:00[0;39m [32m INFO[0;39m [35m115862[0;39m [2m--- [aprimorar-api] [  restartedMain] [0;39m[36m.s.d.r.c.RepositoryConfigurationDelegate[0;39m [2m:[0;39m Finished Spring Data repository scanning in 61 ms. Found 6 JPA repository interfaces.
[2m2026-04-21T18:55:00.015-03:00[0;39m [32m INFO[0;39m [35m115862[0;39m [2m--- [aprimorar-api] [  restartedMain] [0;39m[36mo.s.b.w.embedded.tomcat.TomcatWebServer [0;39m [2m:[0;39m Tomcat initialized with port 8080 (http)
[2m2026-04-21T18:55:00.027-03:00[0;39m [32m INFO[0;39m [35m115862[0;39m [2m--- [aprimorar-api] [  restartedMain] [0;39m[36mo.apache.catalina.core.StandardService  [0;39m [2m:[0;39m Starting service [Tomcat]
[2m2026-04-21T18:55:00.027-03:00[0;39m [32m INFO[0;39m [35m115862[0;39m [2m--- [aprimorar-api] [  restartedMain] [0;39m[36mo.apache.catalina.core.StandardEngine   [0;39m [2m:[0;39m Starting Servlet engine: [Apache Tomcat/10.1.50]
[2m2026-04-21T18:55:00.059-03:00[0;39m [32m INFO[0;39m [35m115862[0;39m [2m--- [aprimorar-api] [  restartedMain] [0;39m[36mo.a.c.c.C.[Tomcat].[localhost].[/]      [0;39m [2m:[0;39m Initializing Spring embedded WebApplicationContext
[2m2026-04-21T18:55:00.060-03:00[0;39m [32m INFO[0;39m [35m115862[0;39m [2m--- [aprimorar-api] [  restartedMain] [0;39m[36mw.s.c.ServletWebServerApplicationContext[0;39m [2m:[0;39m Root WebApplicationContext: initialization completed in 1326 ms
[2m2026-04-21T18:55:00.398-03:00[0;39m [32m INFO[0;39m [35m115862[0;39m [2m--- [aprimorar-api] [  restartedMain] [0;39m[36morg.flywaydb.core.FlywayExecutor        [0;39m [2m:[0;39m Database: jdbc:postgresql://127.0.0.1:5432/aprimorar?ApplicationName=aprimorar-api (PostgreSQL 15.14)
[2m2026-04-21T18:55:00.447-03:00[0;39m [32m INFO[0;39m [35m115862[0;39m [2m--- [aprimorar-api] [  restartedMain] [0;39m[36mo.f.core.internal.command.DbValidate    [0;39m [2m:[0;39m Successfully validated 4 migrations (execution time 00:00.026s)
[2m2026-04-21T18:55:00.478-03:00[0;39m [32m INFO[0;39m [35m115862[0;39m [2m--- [aprimorar-api] [  restartedMain] [0;39m[36mo.f.core.internal.command.DbMigrate     [0;39m [2m:[0;39m Current version of schema "public": 4
[2m2026-04-21T18:55:00.481-03:00[0;39m [32m INFO[0;39m [35m115862[0;39m [2m--- [aprimorar-api] [  restartedMain] [0;39m[36mo.f.core.internal.command.DbMigrate     [0;39m [2m:[0;39m Schema "public" is up to date. No migration necessary.
[2m2026-04-21T18:55:00.499-03:00[0;39m [32m INFO[0;39m [35m115862[0;39m [2m--- [aprimorar-api] [  restartedMain] [0;39m[36mcom.zaxxer.hikari.HikariDataSource      [0;39m [2m:[0;39m HikariPool-1 - Starting...
[2m2026-04-21T18:55:00.528-03:00[0;39m [32m INFO[0;39m [35m115862[0;39m [2m--- [aprimorar-api] [  restartedMain] [0;39m[36mcom.zaxxer.hikari.pool.HikariPool       [0;39m [2m:[0;39m HikariPool-1 - Added connection org.postgresql.jdbc.PgConnection@50548b98
[2m2026-04-21T18:55:00.530-03:00[0;39m [32m INFO[0;39m [35m115862[0;39m [2m--- [aprimorar-api] [  restartedMain] [0;39m[36mcom.zaxxer.hikari.HikariDataSource      [0;39m [2m:[0;39m HikariPool-1 - Start completed.
[2m2026-04-21T18:55:00.621-03:00[0;39m [32m INFO[0;39m [35m115862[0;39m [2m--- [aprimorar-api] [  restartedMain] [0;39m[36mo.hibernate.jpa.internal.util.LogHelper [0;39m [2m:[0;39m HHH000204: Processing PersistenceUnitInfo [name: default]
[2m2026-04-21T18:55:00.658-03:00[0;39m [32m INFO[0;39m [35m115862[0;39m [2m--- [aprimorar-api] [  restartedMain] [0;39m[36morg.hibernate.Version                   [0;39m [2m:[0;39m HHH000412: Hibernate ORM core version 6.6.33.Final
[2m2026-04-21T18:55:00.683-03:00[0;39m [32m INFO[0;39m [35m115862[0;39m [2m--- [aprimorar-api] [  restartedMain] [0;39m[36mo.h.c.internal.RegionFactoryInitiator   [0;39m [2m:[0;39m HHH000026: Second-level cache disabled
[2m2026-04-21T18:55:00.885-03:00[0;39m [32m INFO[0;39m [35m115862[0;39m [2m--- [aprimorar-api] [  restartedMain] [0;39m[36mo.s.o.j.p.SpringPersistenceUnitInfo     [0;39m [2m:[0;39m No LoadTimeWeaver setup: ignoring JPA class transformer
[2m2026-04-21T18:55:00.951-03:00[0;39m [32m INFO[0;39m [35m115862[0;39m [2m--- [aprimorar-api] [  restartedMain] [0;39m[36morg.hibernate.orm.connections.pooling   [0;39m [2m:[0;39m HHH10001005: Database info:
	Database JDBC URL [Connecting through datasource 'HikariDataSource (HikariPool-1)']
	Database driver: undefined/unknown
	Database version: 15.14
	Autocommit mode: undefined/unknown
	Isolation level: undefined/unknown
	Minimum pool size: undefined/unknown
	Maximum pool size: undefined/unknown
[2m2026-04-21T18:55:01.763-03:00[0;39m [32m INFO[0;39m [35m115862[0;39m [2m--- [aprimorar-api] [  restartedMain] [0;39m[36mo.h.e.t.j.p.i.JtaPlatformInitiator      [0;39m [2m:[0;39m HHH000489: No JTA platform available (set 'hibernate.transaction.jta.platform' to enable JTA platform integration)
[2m2026-04-21T18:55:01.801-03:00[0;39m [31mERROR[0;39m [35m115862[0;39m [2m--- [aprimorar-api] [  restartedMain] [0;39m[36mj.LocalContainerEntityManagerFactoryBean[0;39m [2m:[0;39m Failed to initialize JPA EntityManagerFactory: [PersistenceUnit: default] Unable to build Hibernate SessionFactory; nested exception is org.hibernate.tool.schema.spi.SchemaManagementException: Schema-validation: missing column [archived_at] in table [tb_general_expenses]
[2m2026-04-21T18:55:01.801-03:00[0;39m [33m WARN[0;39m [35m115862[0;39m [2m--- [aprimorar-api] [  restartedMain] [0;39m[36mConfigServletWebServerApplicationContext[0;39m [2m:[0;39m Exception encountered during context initialization - cancelling refresh attempt: org.springframework.beans.factory.BeanCreationException: Error creating bean with name 'entityManagerFactory' defined in class path resource [org/springframework/boot/autoconfigure/orm/jpa/HibernateJpaConfiguration.class]: [PersistenceUnit: default] Unable to build Hibernate SessionFactory; nested exception is org.hibernate.tool.schema.spi.SchemaManagementException: Schema-validation: missing column [archived_at] in table [tb_general_expenses]
[2m2026-04-21T18:55:01.803-03:00[0;39m [32m INFO[0;39m [35m115862[0;39m [2m--- [aprimorar-api] [  restartedMain] [0;39m[36mcom.zaxxer.hikari.HikariDataSource      [0;39m [2m:[0;39m HikariPool-1 - Shutdown initiated...
[2m2026-04-21T18:55:01.806-03:00[0;39m [32m INFO[0;39m [35m115862[0;39m [2m--- [aprimorar-api] [  restartedMain] [0;39m[36mcom.zaxxer.hikari.HikariDataSource      [0;39m [2m:[0;39m HikariPool-1 - Shutdown completed.
[2m2026-04-21T18:55:01.808-03:00[0;39m [32m INFO[0;39m [35m115862[0;39m [2m--- [aprimorar-api] [  restartedMain] [0;39m[36mo.apache.catalina.core.StandardService  [0;39m [2m:[0;39m Stopping service [Tomcat]
[2m2026-04-21T18:55:01.821-03:00[0;39m [32m INFO[0;39m [35m115862[0;39m [2m--- [aprimorar-api] [  restartedMain] [0;39m[36m.s.b.a.l.ConditionEvaluationReportLogger[0;39m [2m:[0;39m 

Error starting ApplicationContext. To display the condition evaluation report re-run your application with 'debug' enabled.
[2m2026-04-21T18:55:01.842-03:00[0;39m [31mERROR[0;39m [35m115862[0;39m [2m--- [aprimorar-api] [  restartedMain] [0;39m[36mo.s.boot.SpringApplication              [0;39m [2m:[0;39m Application run failed

org.springframework.beans.factory.BeanCreationException: Error creating bean with name 'entityManagerFactory' defined in class path resource [org/springframework/boot/autoconfigure/orm/jpa/HibernateJpaConfiguration.class]: [PersistenceUnit: default] Unable to build Hibernate SessionFactory; nested exception is org.hibernate.tool.schema.spi.SchemaManagementException: Schema-validation: missing column [archived_at] in table [tb_general_expenses]
	at org.springframework.beans.factory.support.AbstractAutowireCapableBeanFactory.initializeBean(AbstractAutowireCapableBeanFactory.java:1826) ~[spring-beans-6.2.12.jar:6.2.12]
	at org.springframework.beans.factory.support.AbstractAutowireCapableBeanFactory.doCreateBean(AbstractAutowireCapableBeanFactory.java:607) ~[spring-beans-6.2.12.jar:6.2.12]
	at org.springframework.beans.factory.support.AbstractAutowireCapableBeanFactory.createBean(AbstractAutowireCapableBeanFactory.java:529) ~[spring-beans-6.2.12.jar:6.2.12]
	at org.springframework.beans.factory.support.AbstractBeanFactory.lambda$doGetBean$0(AbstractBeanFactory.java:339) ~[spring-beans-6.2.12.jar:6.2.12]
	at org.springframework.beans.factory.support.DefaultSingletonBeanRegistry.getSingleton(DefaultSingletonBeanRegistry.java:373) ~[spring-beans-6.2.12.jar:6.2.12]
	at org.springframework.beans.factory.support.AbstractBeanFactory.doGetBean(AbstractBeanFactory.java:337) ~[spring-beans-6.2.12.jar:6.2.12]
	at org.springframework.beans.factory.support.AbstractBeanFactory.getBean(AbstractBeanFactory.java:207) ~[spring-beans-6.2.12.jar:6.2.12]
	at org.springframework.context.support.AbstractApplicationContext.finishBeanFactoryInitialization(AbstractApplicationContext.java:973) ~[spring-context-6.2.12.jar:6.2.12]
	at org.springframework.context.support.AbstractApplicationContext.refresh(AbstractApplicationContext.java:627) ~[spring-context-6.2.12.jar:6.2.12]
	at org.springframework.boot.web.servlet.context.ServletWebServerApplicationContext.refresh(ServletWebServerApplicationContext.java:146) ~[spring-boot-3.5.7.jar:3.5.7]
	at org.springframework.boot.SpringApplication.refresh(SpringApplication.java:752) ~[spring-boot-3.5.7.jar:3.5.7]
	at org.springframework.boot.SpringApplication.refreshContext(SpringApplication.java:439) ~[spring-boot-3.5.7.jar:3.5.7]
	at org.springframework.boot.SpringApplication.run(SpringApplication.java:318) ~[spring-boot-3.5.7.jar:3.5.7]
	at org.springframework.boot.SpringApplication.run(SpringApplication.java:1361) ~[spring-boot-3.5.7.jar:3.5.7]
	at org.springframework.boot.SpringApplication.run(SpringApplication.java:1350) ~[spring-boot-3.5.7.jar:3.5.7]
	at com.aprimorar.api.ApiAprimorarApplication.main(ApiAprimorarApplication.java:10) ~[classes/:na]
	at java.base/jdk.internal.reflect.DirectMethodHandleAccessor.invoke(DirectMethodHandleAccessor.java:103) ~[na:na]
	at java.base/java.lang.reflect.Method.invoke(Method.java:580) ~[na:na]
	at org.springframework.boot.devtools.restart.RestartLauncher.run(RestartLauncher.java:50) ~[spring-boot-devtools-3.5.7.jar:3.5.7]
Caused by: jakarta.persistence.PersistenceException: [PersistenceUnit: default] Unable to build Hibernate SessionFactory; nested exception is org.hibernate.tool.schema.spi.SchemaManagementException: Schema-validation: missing column [archived_at] in table [tb_general_expenses]
	at org.springframework.orm.jpa.AbstractEntityManagerFactoryBean.buildNativeEntityManagerFactory(AbstractEntityManagerFactoryBean.java:431) ~[spring-orm-6.2.12.jar:6.2.12]
	at org.springframework.orm.jpa.AbstractEntityManagerFactoryBean.afterPropertiesSet(AbstractEntityManagerFactoryBean.java:400) ~[spring-orm-6.2.12.jar:6.2.12]
	at org.springframework.orm.jpa.LocalContainerEntityManagerFactoryBean.afterPropertiesSet(LocalContainerEntityManagerFactoryBean.java:366) ~[spring-orm-6.2.12.jar:6.2.12]
	at org.springframework.beans.factory.support.AbstractAutowireCapableBeanFactory.invokeInitMethods(AbstractAutowireCapableBeanFactory.java:1873) ~[spring-beans-6.2.12.jar:6.2.12]
	at org.springframework.beans.factory.support.AbstractAutowireCapableBeanFactory.initializeBean(AbstractAutowireCapableBeanFactory.java:1822) ~[spring-beans-6.2.12.jar:6.2.12]
	... 18 common frames omitted
Caused by: org.hibernate.tool.schema.spi.SchemaManagementException: Schema-validation: missing column [archived_at] in table [tb_general_expenses]
	at org.hibernate.tool.schema.internal.AbstractSchemaValidator.validateTable(AbstractSchemaValidator.java:149) ~[hibernate-core-6.6.33.Final.jar:6.6.33.Final]
	at org.hibernate.tool.schema.internal.GroupedSchemaValidatorImpl.validateTables(GroupedSchemaValidatorImpl.java:46) ~[hibernate-core-6.6.33.Final.jar:6.6.33.Final]
	at org.hibernate.tool.schema.internal.AbstractSchemaValidator.performValidation(AbstractSchemaValidator.java:99) ~[hibernate-core-6.6.33.Final.jar:6.6.33.Final]
	at org.hibernate.tool.schema.internal.AbstractSchemaValidator.doValidation(AbstractSchemaValidator.java:77) ~[hibernate-core-6.6.33.Final.jar:6.6.33.Final]
	at org.hibernate.tool.schema.spi.SchemaManagementToolCoordinator.performDatabaseAction(SchemaManagementToolCoordinator.java:289) ~[hibernate-core-6.6.33.Final.jar:6.6.33.Final]
	at org.hibernate.tool.schema.spi.SchemaManagementToolCoordinator.lambda$process$5(SchemaManagementToolCoordinator.java:144) ~[hibernate-core-6.6.33.Final.jar:6.6.33.Final]
	at java.base/java.util.HashMap.forEach(HashMap.java:1429) ~[na:na]
	at org.hibernate.tool.schema.spi.SchemaManagementToolCoordinator.process(SchemaManagementToolCoordinator.java:141) ~[hibernate-core-6.6.33.Final.jar:6.6.33.Final]
	at org.hibernate.boot.internal.SessionFactoryObserverForSchemaExport.sessionFactoryCreated(SessionFactoryObserverForSchemaExport.java:37) ~[hibernate-core-6.6.33.Final.jar:6.6.33.Final]
	at org.hibernate.internal.SessionFactoryObserverChain.sessionFactoryCreated(SessionFactoryObserverChain.java:35) ~[hibernate-core-6.6.33.Final.jar:6.6.33.Final]
	at org.hibernate.internal.SessionFactoryImpl.<init>(SessionFactoryImpl.java:324) ~[hibernate-core-6.6.33.Final.jar:6.6.33.Final]
	at org.hibernate.boot.internal.SessionFactoryBuilderImpl.build(SessionFactoryBuilderImpl.java:463) ~[hibernate-core-6.6.33.Final.jar:6.6.33.Final]
	at org.hibernate.jpa.boot.internal.EntityManagerFactoryBuilderImpl.build(EntityManagerFactoryBuilderImpl.java:1517) ~[hibernate-core-6.6.33.Final.jar:6.6.33.Final]
	at org.springframework.orm.jpa.vendor.SpringHibernateJpaPersistenceProvider.createContainerEntityManagerFactory(SpringHibernateJpaPersistenceProvider.java:66) ~[spring-orm-6.2.12.jar:6.2.12]
	at org.springframework.orm.jpa.LocalContainerEntityManagerFactoryBean.createNativeEntityManagerFactory(LocalContainerEntityManagerFactoryBean.java:390) ~[spring-orm-6.2.12.jar:6.2.12]
	at org.springframework.orm.jpa.AbstractEntityManagerFactoryBean.buildNativeEntityManagerFactory(AbstractEntityManagerFactoryBean.java:419) ~[spring-orm-6.2.12.jar:6.2.12]
	... 22 common frames omitted

[INFO] ------------------------------------------------------------------------
[INFO] BUILD SUCCESS
[INFO] ------------------------------------------------------------------------
[INFO] Total time:  5.978 s
[INFO] Finished at: 2026-04-21T18:55:01-03:00
[INFO] ------------------------------------------------------------------------
